[2025-02-09T12:11:34.081Z] STARTUP_ERROR: "No Discord bot token found in environment variables!"
[2025-02-09T12:11:46.592Z] BOT_LOGIN_SUCCESS: {"username":"TEST#0224","startTime":"2025-02-09 12:11:45"}
[2025-02-09T12:21:05.428Z] HASH_COMMAND_RECEIVED: {"content":"!hash 1149998586206113863","commandChannelId":"1317881540176248904"}
[2025-02-09T12:21:05.432Z] PERMISSION_CHECK_ERROR: {"channelId":"1149998586206113863","error":"Invalid bitfield flag or number: VIEW_CHANNEL."}
[2025-02-09T12:21:05.435Z] HASH_COMMAND_ERROR: {"channelId":"1149998586206113863","error":"Failed to access channel: Permission check failed: Invalid bitfield flag or number: VIEW_CHANNEL.","stack":"Error: Failed to access channel: Permission check failed: Invalid bitfield flag or number: VIEW_CHANNEL.\n    at HashCommand.getAndValidateChannel (F:\\BOT\\hash\\src\\modules\\commands\\hashCommand.js:68:19)\n    at process.processTicksAndRejections (node:internal/process/task_queues:95:5)\n    at async HashCommand.execute (F:\\BOT\\hash\\src\\modules\\commands\\hashCommand.js:22:29)\n    at async CommandHandler.handleCommand (F:\\BOT\\hash\\src\\modules\\commands\\commandHandler.js:18:21)\n    at async Client.<anonymous> (F:\\BOT\\hash\\src\\index.js:20:9)"}
[2025-02-09T12:24:16.605Z] BOT_LOGIN_SUCCESS: {"username":"TEST#0224","startTime":"2025-02-09 12:24:15"}
[2025-02-09T12:24:21.783Z] HASH_COMMAND_RECEIVED: {"content":"!hash 1149998586206113863","commandChannelId":"1317881540176248904"}
[2025-02-09T12:24:32.611Z] HASH_PROCESSING_ERROR: {"processedMessages":1,"error":"isSupportedImage is not a function"}
[2025-02-09T12:24:33.015Z] HASH_PROCESSING_ERROR: {"processedMessages":2,"error":"isSupportedImage is not a function"}
[2025-02-09T12:24:33.447Z] HASH_PROCESSING_ERROR: {"processedMessages":3,"error":"isSupportedImage is not a function"}
[2025-02-09T12:24:33.832Z] HASH_PROCESSING_ERROR: {"processedMessages":4,"error":"isSupportedImage is not a function"}
[2025-02-09T12:24:38.601Z] HASH_PROCESSING_ERROR: {"processedMessages":5,"error":"isSupportedImage is not a function"}
[2025-02-09T12:24:39.023Z] HASH_PROCESSING_ERROR: {"processedMessages":6,"error":"isSupportedImage is not a function"}
[2025-02-09T12:24:39.503Z] HASH_PROCESSING_ERROR: {"processedMessages":7,"error":"isSupportedImage is not a function"}
[2025-02-09T12:24:39.948Z] HASH_PROCESSING_ERROR: {"processedMessages":8,"error":"isSupportedImage is not a function"}
[2025-02-09T12:24:40.409Z] HASH_PROCESSING_ERROR: {"processedMessages":9,"error":"isSupportedImage is not a function"}
[2025-02-09T12:24:40.886Z] HASH_PROCESSING_ERROR: {"processedMessages":10,"error":"isSupportedImage is not a function"}
[2025-02-09T12:24:41.399Z] HASH_PROCESSING_ERROR: {"processedMessages":11,"error":"isSupportedImage is not a function"}
[2025-02-09T12:24:46.271Z] HASH_PROCESSING_ERROR: {"processedMessages":12,"error":"isSupportedImage is not a function"}
[2025-02-09T12:24:46.822Z] HASH_PROCESSING_ERROR: {"processedMessages":13,"error":"isSupportedImage is not a function"}
[2025-02-09T12:24:47.298Z] HASH_PROCESSING_ERROR: {"processedMessages":14,"error":"isSupportedImage is not a function"}
[2025-02-09T12:24:47.733Z] HASH_PROCESSING_ERROR: {"processedMessages":15,"error":"isSupportedImage is not a function"}
[2025-02-09T12:24:48.235Z] HASH_PROCESSING_ERROR: {"processedMessages":16,"error":"isSupportedImage is not a function"}
[2025-02-09T12:24:48.725Z] HASH_PROCESSING_ERROR: {"processedMessages":17,"error":"isSupportedImage is not a function"}
[2025-02-09T12:24:49.278Z] HASH_PROCESSING_ERROR: {"processedMessages":18,"error":"isSupportedImage is not a function"}
[2025-02-09T12:24:49.736Z] HASH_PROCESSING_ERROR: {"processedMessages":19,"error":"isSupportedImage is not a function"}
[2025-02-09T12:26:13.456Z] BOT_LOGIN_SUCCESS: {"username":"TEST#0224","startTime":"2025-02-09 12:26:12"}
[2025-02-09T12:26:22.480Z] HASH_COMMAND_RECEIVED: {"content":"!hash 1149998586206113863","commandChannelId":"1317881540176248904"}
[2025-02-09T12:26:34.537Z] VALIDATION_ERROR: {"error":"File size exceeds limit","size":29879352,"maxSize":8388608,"url":"https://cdn.discordapp.com/attachments/1149998586206113863/1318863267845902408/bot_97.mp4?ex=67a9be22&is=67a86ca2&hm=c962a63a54a785084f0e1ee90e924c0c05795155c2d00d5e44bd4f9960037bfd&"}
[2025-02-09T12:26:41.082Z] VALIDATION_ERROR: {"error":"File size exceeds limit","size":8842409,"maxSize":8388608,"url":"https://cdn.discordapp.com/attachments/1149998586206113863/1318619799181332600/bot_96.mp4?ex=67a98422&is=67a832a2&hm=0cc6e860587fbbb2f37b5e476f21360caf7453cf59e530462ef4c39b52fb9413&"}
[2025-02-09T12:26:56.662Z] VALIDATION_ERROR: {"error":"Unsupported image type","contentType":"image/gif","extension":"gif","url":"https://cdn.discordapp.com/attachments/1149998586206113863/1311339577860030475/giphy.gif?ex=67a965e6&is=67a81466&hm=c52512b5cba4ec1819db3e1ff7d28d3b13acfeb2ef635b8a05e1776e676e4639&"}
[2025-02-09T12:27:02.439Z] VALIDATION_ERROR: {"error":"Unsupported image type","contentType":"video/mp4","extension":"mp4","url":"https://cdn.discordapp.com/attachments/1149998586206113863/1303930315286511616/310774503587061761-vmake.mp4?ex=67a9783d&is=67a826bd&hm=9aab0766d40888a07544921dc56a85d636c3023f72dc093e0be4892ce0d71cab&"}
[2025-02-09T12:27:04.846Z] VALIDATION_ERROR: {"error":"Unsupported image type","contentType":"video/mp4","extension":"mp4","url":"https://cdn.discordapp.com/attachments/1149998586206113863/1300414263562735706/bot_59.mp4?ex=67a9dca8&is=67a88b28&hm=38e4eeaa2a75fa7e08373c34b7a8a43855a9fe1a951f008161a60d77411c9e06&"}
[2025-02-09T12:27:06.927Z] VALIDATION_ERROR: {"error":"File size exceeds limit","size":19222921,"maxSize":8388608,"url":"https://cdn.discordapp.com/attachments/1149998586206113863/1298246716767600661/botanix.gif?ex=67a9e2f9&is=67a89179&hm=d43eab4981466a60b28b880e0c33f0125b9c83a2bfcc01af4579fe53d8661e02&"}
[2025-02-09T12:27:07.107Z] VALIDATION_ERROR: {"error":"File size exceeds limit","size":56606837,"maxSize":8388608,"url":"https://cdn.discordapp.com/attachments/1149998586206113863/1296079494536237116/video.mp4?ex=67a9e997&is=67a89817&hm=333617550c510437652b333e3bea53d9a542dc14a5e42ec6cd5cd85ce5951d1d&"}
[2025-02-09T12:27:08.089Z] VALIDATION_ERROR: {"error":"File size exceeds limit","size":10431829,"maxSize":8388608,"url":"https://cdn.discordapp.com/attachments/1149998586206113863/1294099139281293354/hokbras_63429_beyond_maya_veil_neon_synapse_spider_web_mixed_wi_ccbcd479-311e-4088-ac23-2795b39f3447.png?ex=67a94cbe&is=67a7fb3e&hm=e41378153d5a2cba7e29e8c1f348d2f1b1a1cb1e1a09c9892f09d06551509ba6&"}
[2025-02-09T12:27:16.271Z] VALIDATION_ERROR: {"error":"Unsupported image type","contentType":"video/mp4","extension":"mp4","url":"https://cdn.discordapp.com/attachments/1149998586206113863/1289113215770296433/42.2.mp4?ex=67a99e3d&is=67a84cbd&hm=62e687661966e0589531ef93fcb87aa94b893a679199defe535f97fa8a9a5e63&"}
[2025-02-09T12:27:21.543Z] VALIDATION_ERROR: {"error":"Unsupported image type","contentType":"image/gif","extension":"gif","url":"https://cdn.discordapp.com/attachments/1149998586206113863/1283950054188646420/1b3bb76b6ff185b640dff3ee6c37cdec.gif?ex=67a94aab&is=67a7f92b&hm=1093db8bb8571460f58f78bed4b8b55da710043c8f76996a7cf439467f426de3&"}
[2025-02-09T12:27:21.545Z] VALIDATION_ERROR: {"error":"Unsupported image type","contentType":"image/gif","extension":"gif","url":"https://cdn.discordapp.com/attachments/1149998586206113863/1283653846727397376/Botanix848.gif?ex=67a9884e&is=67a836ce&hm=eda6ef4b220ac5f0f6e63d175f3dd579bc6b0c34cac9ee64d875ce823571b97b&"}
[2025-02-09T12:27:33.610Z] VALIDATION_ERROR: {"error":"File size exceeds limit","size":32915285,"maxSize":8388608,"url":"https://cdn.discordapp.com/attachments/1149998586206113863/1277249616336916561/Poker.png?ex=67a94e26&is=67a7fca6&hm=f233302bda9853f761bfef09ac024214034057194823303c92d3b80ed4f7b507&"}
[2025-02-09T12:27:33.823Z] VALIDATION_ERROR: {"error":"Unsupported image type","contentType":"video/mp4","extension":"mp4","url":"https://cdn.discordapp.com/attachments/1149998586206113863/1276802406633439266/Testnet_Soon.mp4?ex=67a9a7e7&is=67a85667&hm=4a04b8b363da988062be46d491b088a26f6e398d4b84832b512aee786925ddbb&"}
[2025-02-09T12:27:33.826Z] VALIDATION_ERROR: {"error":"File size exceeds limit","size":17340081,"maxSize":8388608,"url":"https://cdn.discordapp.com/attachments/1149998586206113863/1276423925001093204/1.mp4?ex=67a998ea&is=67a8476a&hm=0f6d7992afa802327eb08764396af734033758a0d19f7ed9ae0028d5cf5df068&"}
[2025-02-09T12:27:33.829Z] VALIDATION_ERROR: {"error":"File size exceeds limit","size":10541297,"maxSize":8388608,"url":"https://cdn.discordapp.com/attachments/1149998586206113863/1276172836209430538/SEEDLING.png?ex=67a957d2&is=67a80652&hm=3fb404eb594b32ffe9342e31a5853fa1d590ec65ca268e42aeb73f98a24d195c&"}
[2025-02-09T12:27:34.882Z] VALIDATION_ERROR: {"error":"Unsupported image type","contentType":"video/mp4","extension":"mp4","url":"https://cdn.discordapp.com/attachments/1149998586206113863/1275491207975538809/66b2fb54-2d34-48f6-bfcc-883b54ba1d37.mp4?ex=67a98001&is=67a82e81&hm=50a3bb5b838a158e0d9651c655c014805a075395ee64d199f5812bae937aeb2e&"}
[2025-02-09T12:27:37.971Z] VALIDATION_ERROR: {"error":"Unsupported image type","contentType":"image/gif","extension":"gif","url":"https://cdn.discordapp.com/attachments/1149998586206113863/1272959130620919921/Botanix_1.gif?ex=67a98453&is=67a832d3&hm=2978091347414c28ed0978b504660a33ca84a99aec1f6e281a45d7d0d914aa18&"}
[2025-02-09T12:27:38.350Z] VALIDATION_ERROR: {"error":"File size exceeds limit","size":22438522,"maxSize":8388608,"url":"https://cdn.discordapp.com/attachments/1149998586206113863/1272856090618364015/botannicxx.mp4?ex=67a9cd1c&is=67a87b9c&hm=eebf0b1a0daa7e4fb6f424158f8a384d2ea21b88a7ed954ea86f1a358d94e9b7&"}
[2025-02-09T12:27:38.791Z] VALIDATION_ERROR: {"error":"File size exceeds limit","size":17996791,"maxSize":8388608,"url":"https://cdn.discordapp.com/attachments/1149998586206113863/1271854260270796902/bottttaaaamainnet.mp4?ex=67a973d5&is=67a82255&hm=6abc69d07085f7ab8d72648649c45b57680f5ab8f955f6ea36871323ef204468&"}
[2025-02-09T12:27:40.465Z] VALIDATION_ERROR: {"error":"Unsupported image type","contentType":"image/gif","extension":"gif","url":"https://cdn.discordapp.com/attachments/1149998586206113863/1271543094633955451/4541196048.gif?ex=67a9a389&is=67a85209&hm=30b2ccb72bcc015c08513990e6bfd84c829185e9968e8ac887645ef8457a9fb8&"}
